#! /usr/local/bin/vvp
:ivl_version "10.1 (stable)" "(v10_1-9-g583a31c)";
:ivl_delay_selection "TYPICAL";
:vpi_time_precision + 0;
:vpi_module "system";
:vpi_module "vhdl_sys";
:vpi_module "v2005_math";
:vpi_module "va_math";
:vpi_module "v2009";
S_0x7fb351c29590 .scope module, "MatrixMul" "MatrixMul" 2 6;
 .timescale 0 0;
    .port_info 0 /INPUT 47 "BI"
    .port_info 1 /INPUT 95 "CO"
o0x102a1a488 .functor BUFZ 8, C4<zzzzzzzz>; HiZ drive
v0x7fb351c3a780 .array "A", 7 0;
v0x7fb351c3a780_0 .net v0x7fb351c3a780 0, 7 0, o0x102a1a488; 0 drivers
o0x102a1a4b8 .functor BUFZ 8, C4<zzzzzzzz>; HiZ drive
v0x7fb351c3a780_1 .net v0x7fb351c3a780 1, 7 0, o0x102a1a4b8; 0 drivers
o0x102a1a4e8 .functor BUFZ 8, C4<zzzzzzzz>; HiZ drive
v0x7fb351c3a780_2 .net v0x7fb351c3a780 2, 7 0, o0x102a1a4e8; 0 drivers
o0x102a1a518 .functor BUFZ 8, C4<zzzzzzzz>; HiZ drive
v0x7fb351c3a780_3 .net v0x7fb351c3a780 3, 7 0, o0x102a1a518; 0 drivers
o0x102a1a548 .functor BUFZ 8, C4<zzzzzzzz>; HiZ drive
v0x7fb351c3a780_4 .net v0x7fb351c3a780 4, 7 0, o0x102a1a548; 0 drivers
o0x102a1a578 .functor BUFZ 8, C4<zzzzzzzz>; HiZ drive
v0x7fb351c3a780_5 .net v0x7fb351c3a780 5, 7 0, o0x102a1a578; 0 drivers
o0x102a1a5a8 .functor BUFZ 8, C4<zzzzzzzz>; HiZ drive
v0x7fb351c3a780_6 .net v0x7fb351c3a780 6, 7 0, o0x102a1a5a8; 0 drivers
o0x102a1a5d8 .functor BUFZ 8, C4<zzzzzzzz>; HiZ drive
v0x7fb351c3a780_7 .net v0x7fb351c3a780 7, 7 0, o0x102a1a5d8; 0 drivers
o0x102a1a608 .functor BUFZ 8, C4<zzzzzzzz>; HiZ drive
v0x7fb351c3a8f0 .array "B", 5 0;
v0x7fb351c3a8f0_0 .net v0x7fb351c3a8f0 0, 7 0, o0x102a1a608; 0 drivers
o0x102a1a638 .functor BUFZ 8, C4<zzzzzzzz>; HiZ drive
v0x7fb351c3a8f0_1 .net v0x7fb351c3a8f0 1, 7 0, o0x102a1a638; 0 drivers
o0x102a1a668 .functor BUFZ 8, C4<zzzzzzzz>; HiZ drive
v0x7fb351c3a8f0_2 .net v0x7fb351c3a8f0 2, 7 0, o0x102a1a668; 0 drivers
o0x102a1a698 .functor BUFZ 8, C4<zzzzzzzz>; HiZ drive
v0x7fb351c3a8f0_3 .net v0x7fb351c3a8f0 3, 7 0, o0x102a1a698; 0 drivers
o0x102a1a6c8 .functor BUFZ 8, C4<zzzzzzzz>; HiZ drive
v0x7fb351c3a8f0_4 .net v0x7fb351c3a8f0 4, 7 0, o0x102a1a6c8; 0 drivers
o0x102a1a6f8 .functor BUFZ 8, C4<zzzzzzzz>; HiZ drive
v0x7fb351c3a8f0_5 .net v0x7fb351c3a8f0 5, 7 0, o0x102a1a6f8; 0 drivers
o0x102a1a728 .functor BUFZ 47, C4<zzzzzzzzzzzzzzzzzzzzzzzzzzzzzzzzzzzzzzzzzzzzzzz>; HiZ drive
v0x7fb351c3aa20_0 .net "BI", 46 0, o0x102a1a728;  0 drivers
RS_0x102a1a758 .resolv tri, L_0x7fb351c3aea0, L_0x7fb351c3b0a0;
v0x7fb351c3aae0 .array "C", 11 0;
v0x7fb351c3aae0_0 .net8 v0x7fb351c3aae0 0, 7 0, RS_0x102a1a758; 2 drivers
RS_0x102a1a788 .resolv tri, L_0x7fb351c3b2c0, L_0x7fb351c3b4e0;
v0x7fb351c3aae0_1 .net8 v0x7fb351c3aae0 1, 7 0, RS_0x102a1a788; 2 drivers
RS_0x102a1a7b8 .resolv tri, L_0x7fb351c3b700, L_0x7fb351c3b880;
v0x7fb351c3aae0_2 .net8 v0x7fb351c3aae0 2, 7 0, RS_0x102a1a7b8; 2 drivers
RS_0x102a1a7e8 .resolv tri, L_0x7fb351c3baa0, L_0x7fb351c3bc80;
v0x7fb351c3aae0_3 .net8 v0x7fb351c3aae0 3, 7 0, RS_0x102a1a7e8; 2 drivers
RS_0x102a1a818 .resolv tri, L_0x7fb351c3bea0, L_0x7fb351c3c100;
v0x7fb351c3aae0_4 .net8 v0x7fb351c3aae0 4, 7 0, RS_0x102a1a818; 2 drivers
RS_0x102a1a848 .resolv tri, L_0x7fb351c3c320, L_0x7fb351c3c4a0;
v0x7fb351c3aae0_5 .net8 v0x7fb351c3aae0 5, 7 0, RS_0x102a1a848; 2 drivers
RS_0x102a1a878 .resolv tri, L_0x7fb351c3c6c0, L_0x7fb351c3c840;
v0x7fb351c3aae0_6 .net8 v0x7fb351c3aae0 6, 7 0, RS_0x102a1a878; 2 drivers
RS_0x102a1a8a8 .resolv tri, L_0x7fb351c3ca60, L_0x7fb351c3cc40;
v0x7fb351c3aae0_7 .net8 v0x7fb351c3aae0 7, 7 0, RS_0x102a1a8a8; 2 drivers
RS_0x102a1a8d8 .resolv tri, L_0x7fb351c3ce60, L_0x7fb351c3cfe0;
v0x7fb351c3aae0_8 .net8 v0x7fb351c3aae0 8, 7 0, RS_0x102a1a8d8; 2 drivers
RS_0x102a1a908 .resolv tri, L_0x7fb351c3d280, L_0x7fb351c3d440;
v0x7fb351c3aae0_9 .net8 v0x7fb351c3aae0 9, 7 0, RS_0x102a1a908; 2 drivers
RS_0x102a1a938 .resolv tri, L_0x7fb351c3d6e0, L_0x7fb351c3d8e0;
v0x7fb351c3aae0_10 .net8 v0x7fb351c3aae0 10, 7 0, RS_0x102a1a938; 2 drivers
RS_0x102a1a968 .resolv tri, L_0x7fb351c3db80, L_0x7fb351c3dd40;
v0x7fb351c3aae0_11 .net8 v0x7fb351c3aae0 11, 7 0, RS_0x102a1a968; 2 drivers
o0x102a1a998 .functor BUFZ 95, C4<zzzzzzzzzzzzzzzzzzzzzzzzzzzzzzzzzzzzzzzzzzzzzzzzzzzzzzzzzzzzzzzzzzzzzzzzzzzzzzzzzzzzzzzzzzzzzzz>; HiZ drive
v0x7fb351c3aca0_0 .net "CO", 94 0, o0x102a1a998;  0 drivers
S_0x7fb351c28420 .scope generate, "genblk1[1]" "genblk1[1]" 2 38, 2 38 0, S_0x7fb351c29590;
 .timescale 0 0;
P_0x7fb351c21e40 .param/l "i" 0 2 38, +C4<01>;
S_0x7fb351c272b0 .scope generate, "genblk2[1]" "genblk2[1]" 2 39, 2 39 0, S_0x7fb351c28420;
 .timescale 0 0;
P_0x7fb351c1d8c0 .param/l "j" 0 2 39, +C4<01>;
S_0x7fb351c26120 .scope generate, "genblk3[1]" "genblk3[1]" 2 40, 2 40 0, S_0x7fb351c272b0;
 .timescale 0 0;
P_0x7fb351c19340 .param/l "k" 0 2 40, +C4<01>;
v0x7fb351c2a7b0_0 .net *"_s5", 7 0, L_0x7fb351c3adc0;  1 drivers
L_0x7fb351c3adc0 .arith/mult 8, o0x102a1a488, o0x102a1a608;
L_0x7fb351c3aea0 .arith/sum 8, RS_0x102a1a758, L_0x7fb351c3adc0;
S_0x7fb351c33f80 .scope generate, "genblk3[2]" "genblk3[2]" 2 40, 2 40 0, S_0x7fb351c272b0;
 .timescale 0 0;
P_0x7fb351c34150 .param/l "k" 0 2 40, +C4<010>;
v0x7fb351c341e0_0 .net *"_s5", 7 0, L_0x7fb351c3b000;  1 drivers
L_0x7fb351c3b000 .arith/mult 8, o0x102a1a4b8, o0x102a1a698;
L_0x7fb351c3b0a0 .arith/sum 8, RS_0x102a1a758, L_0x7fb351c3b000;
S_0x7fb351c34290 .scope generate, "genblk2[2]" "genblk2[2]" 2 39, 2 39 0, S_0x7fb351c28420;
 .timescale 0 0;
P_0x7fb351c34460 .param/l "j" 0 2 39, +C4<010>;
S_0x7fb351c344f0 .scope generate, "genblk3[1]" "genblk3[1]" 2 40, 2 40 0, S_0x7fb351c34290;
 .timescale 0 0;
P_0x7fb351c346b0 .param/l "k" 0 2 40, +C4<01>;
v0x7fb351c34750_0 .net *"_s5", 7 0, L_0x7fb351c3b220;  1 drivers
L_0x7fb351c3b220 .arith/mult 8, o0x102a1a488, o0x102a1a638;
L_0x7fb351c3b2c0 .arith/sum 8, RS_0x102a1a788, L_0x7fb351c3b220;
S_0x7fb351c34800 .scope generate, "genblk3[2]" "genblk3[2]" 2 40, 2 40 0, S_0x7fb351c34290;
 .timescale 0 0;
P_0x7fb351c349d0 .param/l "k" 0 2 40, +C4<010>;
v0x7fb351c34a60_0 .net *"_s5", 7 0, L_0x7fb351c3b400;  1 drivers
L_0x7fb351c3b400 .arith/mult 8, o0x102a1a4b8, o0x102a1a6c8;
L_0x7fb351c3b4e0 .arith/sum 8, RS_0x102a1a788, L_0x7fb351c3b400;
S_0x7fb351c34b10 .scope generate, "genblk2[3]" "genblk2[3]" 2 39, 2 39 0, S_0x7fb351c28420;
 .timescale 0 0;
P_0x7fb351c34cf0 .param/l "j" 0 2 39, +C4<011>;
S_0x7fb351c34d80 .scope generate, "genblk3[1]" "genblk3[1]" 2 40, 2 40 0, S_0x7fb351c34b10;
 .timescale 0 0;
P_0x7fb351c34f40 .param/l "k" 0 2 40, +C4<01>;
v0x7fb351c34fe0_0 .net *"_s5", 7 0, L_0x7fb351c3b660;  1 drivers
L_0x7fb351c3b660 .arith/mult 8, o0x102a1a488, o0x102a1a668;
L_0x7fb351c3b700 .arith/sum 8, RS_0x102a1a7b8, L_0x7fb351c3b660;
S_0x7fb351c35090 .scope generate, "genblk3[2]" "genblk3[2]" 2 40, 2 40 0, S_0x7fb351c34b10;
 .timescale 0 0;
P_0x7fb351c35260 .param/l "k" 0 2 40, +C4<010>;
v0x7fb351c352f0_0 .net *"_s5", 7 0, L_0x7fb351c3b7e0;  1 drivers
L_0x7fb351c3b7e0 .arith/mult 8, o0x102a1a4b8, o0x102a1a6f8;
L_0x7fb351c3b880 .arith/sum 8, RS_0x102a1a7b8, L_0x7fb351c3b7e0;
S_0x7fb351c353a0 .scope generate, "genblk1[2]" "genblk1[2]" 2 38, 2 38 0, S_0x7fb351c29590;
 .timescale 0 0;
P_0x7fb351c35570 .param/l "i" 0 2 38, +C4<010>;
S_0x7fb351c35600 .scope generate, "genblk2[1]" "genblk2[1]" 2 39, 2 39 0, S_0x7fb351c353a0;
 .timescale 0 0;
P_0x7fb351c357c0 .param/l "j" 0 2 39, +C4<01>;
S_0x7fb351c35860 .scope generate, "genblk3[1]" "genblk3[1]" 2 40, 2 40 0, S_0x7fb351c35600;
 .timescale 0 0;
P_0x7fb351c35a20 .param/l "k" 0 2 40, +C4<01>;
v0x7fb351c35ac0_0 .net *"_s5", 7 0, L_0x7fb351c3ba00;  1 drivers
L_0x7fb351c3ba00 .arith/mult 8, o0x102a1a4e8, o0x102a1a608;
L_0x7fb351c3baa0 .arith/sum 8, RS_0x102a1a7e8, L_0x7fb351c3ba00;
S_0x7fb351c35b70 .scope generate, "genblk3[2]" "genblk3[2]" 2 40, 2 40 0, S_0x7fb351c35600;
 .timescale 0 0;
P_0x7fb351c35d40 .param/l "k" 0 2 40, +C4<010>;
v0x7fb351c35dd0_0 .net *"_s5", 7 0, L_0x7fb351c3bba0;  1 drivers
L_0x7fb351c3bba0 .arith/mult 8, o0x102a1a518, o0x102a1a698;
L_0x7fb351c3bc80 .arith/sum 8, RS_0x102a1a7e8, L_0x7fb351c3bba0;
S_0x7fb351c35e80 .scope generate, "genblk2[2]" "genblk2[2]" 2 39, 2 39 0, S_0x7fb351c353a0;
 .timescale 0 0;
P_0x7fb351c36050 .param/l "j" 0 2 39, +C4<010>;
S_0x7fb351c360e0 .scope generate, "genblk3[1]" "genblk3[1]" 2 40, 2 40 0, S_0x7fb351c35e80;
 .timescale 0 0;
P_0x7fb351c362a0 .param/l "k" 0 2 40, +C4<01>;
v0x7fb351c36340_0 .net *"_s5", 7 0, L_0x7fb351c3be00;  1 drivers
L_0x7fb351c3be00 .arith/mult 8, o0x102a1a4e8, o0x102a1a638;
L_0x7fb351c3bea0 .arith/sum 8, RS_0x102a1a818, L_0x7fb351c3be00;
S_0x7fb351c363f0 .scope generate, "genblk3[2]" "genblk3[2]" 2 40, 2 40 0, S_0x7fb351c35e80;
 .timescale 0 0;
P_0x7fb351c365c0 .param/l "k" 0 2 40, +C4<010>;
v0x7fb351c36650_0 .net *"_s5", 7 0, L_0x7fb351c3bfe0;  1 drivers
L_0x7fb351c3bfe0 .arith/mult 8, o0x102a1a518, o0x102a1a6c8;
L_0x7fb351c3c100 .arith/sum 8, RS_0x102a1a818, L_0x7fb351c3bfe0;
S_0x7fb351c36700 .scope generate, "genblk2[3]" "genblk2[3]" 2 39, 2 39 0, S_0x7fb351c353a0;
 .timescale 0 0;
P_0x7fb351c368e0 .param/l "j" 0 2 39, +C4<011>;
S_0x7fb351c36970 .scope generate, "genblk3[1]" "genblk3[1]" 2 40, 2 40 0, S_0x7fb351c36700;
 .timescale 0 0;
P_0x7fb351c36b30 .param/l "k" 0 2 40, +C4<01>;
v0x7fb351c36bd0_0 .net *"_s5", 7 0, L_0x7fb351c3c280;  1 drivers
L_0x7fb351c3c280 .arith/mult 8, o0x102a1a4e8, o0x102a1a668;
L_0x7fb351c3c320 .arith/sum 8, RS_0x102a1a848, L_0x7fb351c3c280;
S_0x7fb351c36c80 .scope generate, "genblk3[2]" "genblk3[2]" 2 40, 2 40 0, S_0x7fb351c36700;
 .timescale 0 0;
P_0x7fb351c36e50 .param/l "k" 0 2 40, +C4<010>;
v0x7fb351c36ee0_0 .net *"_s5", 7 0, L_0x7fb351c3c3c0;  1 drivers
L_0x7fb351c3c3c0 .arith/mult 8, o0x102a1a518, o0x102a1a6f8;
L_0x7fb351c3c4a0 .arith/sum 8, RS_0x102a1a848, L_0x7fb351c3c3c0;
S_0x7fb351c36f90 .scope generate, "genblk1[3]" "genblk1[3]" 2 38, 2 38 0, S_0x7fb351c29590;
 .timescale 0 0;
P_0x7fb351c37170 .param/l "i" 0 2 38, +C4<011>;
S_0x7fb351c37200 .scope generate, "genblk2[1]" "genblk2[1]" 2 39, 2 39 0, S_0x7fb351c36f90;
 .timescale 0 0;
P_0x7fb351c373c0 .param/l "j" 0 2 39, +C4<01>;
S_0x7fb351c37460 .scope generate, "genblk3[1]" "genblk3[1]" 2 40, 2 40 0, S_0x7fb351c37200;
 .timescale 0 0;
P_0x7fb351c37620 .param/l "k" 0 2 40, +C4<01>;
v0x7fb351c376c0_0 .net *"_s5", 7 0, L_0x7fb351c3c620;  1 drivers
L_0x7fb351c3c620 .arith/mult 8, o0x102a1a548, o0x102a1a608;
L_0x7fb351c3c6c0 .arith/sum 8, RS_0x102a1a878, L_0x7fb351c3c620;
S_0x7fb351c37770 .scope generate, "genblk3[2]" "genblk3[2]" 2 40, 2 40 0, S_0x7fb351c37200;
 .timescale 0 0;
P_0x7fb351c37940 .param/l "k" 0 2 40, +C4<010>;
v0x7fb351c379d0_0 .net *"_s5", 7 0, L_0x7fb351c3c7a0;  1 drivers
L_0x7fb351c3c7a0 .arith/mult 8, o0x102a1a578, o0x102a1a698;
L_0x7fb351c3c840 .arith/sum 8, RS_0x102a1a878, L_0x7fb351c3c7a0;
S_0x7fb351c37a80 .scope generate, "genblk2[2]" "genblk2[2]" 2 39, 2 39 0, S_0x7fb351c36f90;
 .timescale 0 0;
P_0x7fb351c37c50 .param/l "j" 0 2 39, +C4<010>;
S_0x7fb351c37ce0 .scope generate, "genblk3[1]" "genblk3[1]" 2 40, 2 40 0, S_0x7fb351c37a80;
 .timescale 0 0;
P_0x7fb351c37ea0 .param/l "k" 0 2 40, +C4<01>;
v0x7fb351c37f40_0 .net *"_s5", 7 0, L_0x7fb351c3c9c0;  1 drivers
L_0x7fb351c3c9c0 .arith/mult 8, o0x102a1a548, o0x102a1a638;
L_0x7fb351c3ca60 .arith/sum 8, RS_0x102a1a8a8, L_0x7fb351c3c9c0;
S_0x7fb351c37ff0 .scope generate, "genblk3[2]" "genblk3[2]" 2 40, 2 40 0, S_0x7fb351c37a80;
 .timescale 0 0;
P_0x7fb351c381c0 .param/l "k" 0 2 40, +C4<010>;
v0x7fb351c38250_0 .net *"_s5", 7 0, L_0x7fb351c3cb60;  1 drivers
L_0x7fb351c3cb60 .arith/mult 8, o0x102a1a578, o0x102a1a6c8;
L_0x7fb351c3cc40 .arith/sum 8, RS_0x102a1a8a8, L_0x7fb351c3cb60;
S_0x7fb351c38300 .scope generate, "genblk2[3]" "genblk2[3]" 2 39, 2 39 0, S_0x7fb351c36f90;
 .timescale 0 0;
P_0x7fb351c384e0 .param/l "j" 0 2 39, +C4<011>;
S_0x7fb351c38570 .scope generate, "genblk3[1]" "genblk3[1]" 2 40, 2 40 0, S_0x7fb351c38300;
 .timescale 0 0;
P_0x7fb351c38730 .param/l "k" 0 2 40, +C4<01>;
v0x7fb351c387d0_0 .net *"_s5", 7 0, L_0x7fb351c3cdc0;  1 drivers
L_0x7fb351c3cdc0 .arith/mult 8, o0x102a1a548, o0x102a1a668;
L_0x7fb351c3ce60 .arith/sum 8, RS_0x102a1a8d8, L_0x7fb351c3cdc0;
S_0x7fb351c38880 .scope generate, "genblk3[2]" "genblk3[2]" 2 40, 2 40 0, S_0x7fb351c38300;
 .timescale 0 0;
P_0x7fb351c38a50 .param/l "k" 0 2 40, +C4<010>;
v0x7fb351c38ae0_0 .net *"_s5", 7 0, L_0x7fb351c3cf40;  1 drivers
L_0x7fb351c3cf40 .arith/mult 8, o0x102a1a578, o0x102a1a6f8;
L_0x7fb351c3cfe0 .arith/sum 8, RS_0x102a1a8d8, L_0x7fb351c3cf40;
S_0x7fb351c38b90 .scope generate, "genblk1[4]" "genblk1[4]" 2 38, 2 38 0, S_0x7fb351c29590;
 .timescale 0 0;
P_0x7fb351c38d50 .param/l "i" 0 2 38, +C4<0100>;
S_0x7fb351c38df0 .scope generate, "genblk2[1]" "genblk2[1]" 2 39, 2 39 0, S_0x7fb351c38b90;
 .timescale 0 0;
P_0x7fb351c38fb0 .param/l "j" 0 2 39, +C4<01>;
S_0x7fb351c39050 .scope generate, "genblk3[1]" "genblk3[1]" 2 40, 2 40 0, S_0x7fb351c38df0;
 .timescale 0 0;
P_0x7fb351c39210 .param/l "k" 0 2 40, +C4<01>;
v0x7fb351c392b0_0 .net *"_s5", 7 0, L_0x7fb351c3d160;  1 drivers
L_0x7fb351c3d160 .arith/mult 8, o0x102a1a5a8, o0x102a1a608;
L_0x7fb351c3d280 .arith/sum 8, RS_0x102a1a908, L_0x7fb351c3d160;
S_0x7fb351c39360 .scope generate, "genblk3[2]" "genblk3[2]" 2 40, 2 40 0, S_0x7fb351c38df0;
 .timescale 0 0;
P_0x7fb351c39530 .param/l "k" 0 2 40, +C4<010>;
v0x7fb351c395c0_0 .net *"_s5", 7 0, L_0x7fb351c3d320;  1 drivers
L_0x7fb351c3d320 .arith/mult 8, o0x102a1a5d8, o0x102a1a698;
L_0x7fb351c3d440 .arith/sum 8, RS_0x102a1a908, L_0x7fb351c3d320;
S_0x7fb351c39670 .scope generate, "genblk2[2]" "genblk2[2]" 2 39, 2 39 0, S_0x7fb351c38b90;
 .timescale 0 0;
P_0x7fb351c39840 .param/l "j" 0 2 39, +C4<010>;
S_0x7fb351c398d0 .scope generate, "genblk3[1]" "genblk3[1]" 2 40, 2 40 0, S_0x7fb351c39670;
 .timescale 0 0;
P_0x7fb351c39a90 .param/l "k" 0 2 40, +C4<01>;
v0x7fb351c39b30_0 .net *"_s5", 7 0, L_0x7fb351c3d5c0;  1 drivers
L_0x7fb351c3d5c0 .arith/mult 8, o0x102a1a5a8, o0x102a1a638;
L_0x7fb351c3d6e0 .arith/sum 8, RS_0x102a1a938, L_0x7fb351c3d5c0;
S_0x7fb351c39be0 .scope generate, "genblk3[2]" "genblk3[2]" 2 40, 2 40 0, S_0x7fb351c39670;
 .timescale 0 0;
P_0x7fb351c39db0 .param/l "k" 0 2 40, +C4<010>;
v0x7fb351c39e40_0 .net *"_s5", 7 0, L_0x7fb351c3d780;  1 drivers
L_0x7fb351c3d780 .arith/mult 8, o0x102a1a5d8, o0x102a1a6c8;
L_0x7fb351c3d8e0 .arith/sum 8, RS_0x102a1a938, L_0x7fb351c3d780;
S_0x7fb351c39ef0 .scope generate, "genblk2[3]" "genblk2[3]" 2 39, 2 39 0, S_0x7fb351c38b90;
 .timescale 0 0;
P_0x7fb351c3a0d0 .param/l "j" 0 2 39, +C4<011>;
S_0x7fb351c3a160 .scope generate, "genblk3[1]" "genblk3[1]" 2 40, 2 40 0, S_0x7fb351c39ef0;
 .timescale 0 0;
P_0x7fb351c3a320 .param/l "k" 0 2 40, +C4<01>;
v0x7fb351c3a3c0_0 .net *"_s5", 7 0, L_0x7fb351c3da60;  1 drivers
L_0x7fb351c3da60 .arith/mult 8, o0x102a1a5a8, o0x102a1a668;
L_0x7fb351c3db80 .arith/sum 8, RS_0x102a1a968, L_0x7fb351c3da60;
S_0x7fb351c3a470 .scope generate, "genblk3[2]" "genblk3[2]" 2 40, 2 40 0, S_0x7fb351c39ef0;
 .timescale 0 0;
P_0x7fb351c3a640 .param/l "k" 0 2 40, +C4<010>;
v0x7fb351c3a6d0_0 .net *"_s5", 7 0, L_0x7fb351c3dc20;  1 drivers
L_0x7fb351c3dc20 .arith/mult 8, o0x102a1a5d8, o0x102a1a6f8;
L_0x7fb351c3dd40 .arith/sum 8, RS_0x102a1a968, L_0x7fb351c3dc20;
# The file index is used to find the file name in the following table.
:file_names 3;
    "N/A";
    "<interactive>";
    "./mmt.sv";
