#! /usr/local/bin/vvp
:ivl_version "11.0 (devel)" "(s20150603-365-ga219df2)";
:ivl_delay_selection "TYPICAL";
:vpi_time_precision + 0;
:vpi_module "system";
:vpi_module "vhdl_sys";
:vpi_module "vhdl_textio";
:vpi_module "v2005_math";
:vpi_module "va_math";
S_0x7fbb50c06140 .scope module, "overflow" "overflow" 2 3;
 .timescale 0 0;
v0x7fbb50c062b0_0 .var/i "clockp", 31 0;
v0x7fbb50c161c0_0 .var/s "x", 3 0;
    .scope S_0x7fbb50c06140;
T_0 ;
    %pushi/vec4 9, 0, 4;
    %store/vec4 v0x7fbb50c161c0_0, 0, 4;
    %pushi/vec4 10, 0, 32;
    %store/vec4 v0x7fbb50c062b0_0, 0, 32;
    %end;
    .thread T_0;
    .scope S_0x7fbb50c06140;
T_1 ;
    %delay 100, 0;
    %vpi_call 2 9 "$finish" {0 0 0};
    %end;
    .thread T_1;
    .scope S_0x7fbb50c06140;
T_2 ;
    %vpi_call 2 13 "$display", "I am %b", v0x7fbb50c161c0_0 {0 0 0};
    %load/vec4 v0x7fbb50c161c0_0;
    %subi 1, 0, 4;
    %store/vec4 v0x7fbb50c161c0_0, 0, 4;
    %vpi_call 2 15 "$display", "I am %b", v0x7fbb50c161c0_0 {0 0 0};
    %load/vec4 v0x7fbb50c062b0_0;
    %pad/s 64;
    %muli 1, 0, 64;
    %ix/vec4 4;
    %delayx 4;
    %jmp T_2;
    .thread T_2;
# The file index is used to find the file name in the following table.
:file_names 3;
    "N/A";
    "<interactive>";
    "./overflow.v";
