 
****************************************
Report : area
Design : Main
Version: K-2015.06-SP4
Date   : Sun Jun 26 23:13:01 2016
****************************************

Library(s) Used:

    cba_core (File: /software/nonrdist64/dc-2015.06-SP4/libraries/syn/tc6a_cbacore.db)

Number of ports:                          500
Number of nets:                          1453
Number of cells:                          968
Number of combinational cells:            907
Number of sequential cells:                48
Number of macros/black boxes:               0
Number of buf/inv:                        190
Number of references:                       3

Combinational area:               1342.450017
Buf/Inv area:                      175.250003
Noncombinational area:             213.920006
Macro/Black Box area:                0.000000
Net Interconnect area:            7683.437500

Total cell area:                  1556.370023
Total area:                       9239.807523
1
