 
****************************************
Report : area
Design : Main
Version: K-2015.06-SP4
Date   : Sun Jun 26 23:13:23 2016
****************************************

Library(s) Used:

    cba_core (File: /software/nonrdist64/dc-2015.06-SP4/libraries/syn/tc6a_cbacore.db)

Number of ports:                          486
Number of nets:                          1532
Number of cells:                         1068
Number of combinational cells:           1008
Number of sequential cells:                48
Number of macros/black boxes:               0
Number of buf/inv:                        207
Number of references:                       3

Combinational area:               1415.160023
Buf/Inv area:                      190.710003
Noncombinational area:             213.920006
Macro/Black Box area:                0.000000
Net Interconnect area:            8402.187500

Total cell area:                  1629.080029
Total area:                      10031.267529
1
